<?xml version="1.0" encoding="UTF-8"?>
<testng-results skipped="1" failed="0" total="1" passed="0">
  <reporter-output>
  </reporter-output>
  <suite name="Surefire suite" duration-ms="44047" started-at="2020-06-06T22:59:21Z" finished-at="2020-06-06T23:00:05Z">
    <groups>
      <group name="cucumber">
        <method signature="AbstractTestNGCucumberTests.runScenario(cucumber.api.testng.PickleEventWrapper, cucumber.api.testng.CucumberFeatureWrapper)[pri:0, instance:RunCucumberTest@60addb54]" name="runScenario" class="cucumber.api.testng.AbstractTestNGCucumberTests"/>
      </group> <!-- cucumber -->
    </groups>
    <test name="Surefire test" duration-ms="44047" started-at="2020-06-06T22:59:21Z" finished-at="2020-06-06T23:00:05Z">
      <class name="RunCucumberTest">
        <test-method status="PASS" signature="setUpClass()[pri:0, instance:RunCucumberTest@60addb54]" name="setUpClass" is-config="true" duration-ms="165" started-at="2020-06-06T23:59:21Z" finished-at="2020-06-06T23:59:21Z">
          <reporter-output>
          </reporter-output>
        </test-method> <!-- setUpClass -->
        <test-method status="SKIP" signature="runScenario(cucumber.api.testng.PickleEventWrapper, cucumber.api.testng.CucumberFeatureWrapper)[pri:0, instance:RunCucumberTest@60addb54]" name="runScenario" duration-ms="43763" started-at="2020-06-06T23:59:21Z" description="Runs Cucumber Scenarios" data-provider="scenarios" finished-at="2020-06-07T00:00:05Z">
          <params>
            <param index="0">
              <value>
                <![CDATA["Create case scenario"]]>
              </value>
            </param>
            <param index="1">
              <value>
                <![CDATA["Creates and submit application"]]>
              </value>
            </param>
          </params>
          <exception class="org.testng.SkipException">
            <message>
              <![CDATA[cucumber.api.PendingException: TODO: implement me
	at stepdefs.SubmitCase.successful_submission_message_is_displayed(SubmitCase.java:59)
	at ✽.Successful submission message is displayed(classpath:features/submitApplication.feature:10)
]]>
            </message>
            <full-stacktrace>
              <![CDATA[org.testng.SkipException: cucumber.api.PendingException: TODO: implement me
	at stepdefs.SubmitCase.successful_submission_message_is_displayed(SubmitCase.java:59)
	at ✽.Successful submission message is displayed(classpath:features/submitApplication.feature:10)

	at cucumber.api.testng.TestCaseResultListener.getError(TestCaseResultListener.java:54)
	at cucumber.api.testng.TestNGCucumberRunner.runScenario(TestNGCucumberRunner.java:62)
	at cucumber.api.testng.AbstractTestNGCucumberTests.runScenario(AbstractTestNGCucumberTests.java:22)
	at sun.reflect.NativeMethodAccessorImpl.invoke0(Native Method)
	at sun.reflect.NativeMethodAccessorImpl.invoke(NativeMethodAccessorImpl.java:62)
	at sun.reflect.DelegatingMethodAccessorImpl.invoke(DelegatingMethodAccessorImpl.java:43)
	at java.lang.reflect.Method.invoke(Method.java:483)
	at org.testng.internal.MethodInvocationHelper.invokeMethod(MethodInvocationHelper.java:84)
	at org.testng.internal.Invoker.invokeMethod(Invoker.java:714)
	at org.testng.internal.Invoker.invokeTestMethod(Invoker.java:901)
	at org.testng.internal.TestMethodWithDataProviderMethodWorker.call(TestMethodWithDataProviderMethodWorker.java:73)
	at org.testng.internal.TestMethodWithDataProviderMethodWorker.call(TestMethodWithDataProviderMethodWorker.java:14)
	at java.util.concurrent.FutureTask.run(FutureTask.java:266)
	at java.util.concurrent.Executors$RunnableAdapter.call(Executors.java:511)
	at java.util.concurrent.FutureTask.run(FutureTask.java:266)
	at java.util.concurrent.ThreadPoolExecutor.runWorker(ThreadPoolExecutor.java:1142)
	at java.util.concurrent.ThreadPoolExecutor$Worker.run(ThreadPoolExecutor.java:617)
	at java.lang.Thread.run(Thread.java:745)
Caused by: cucumber.api.PendingException: TODO: implement me
	at stepdefs.SubmitCase.successful_submission_message_is_displayed(SubmitCase.java:59)
	at ✽.Successful submission message is displayed(classpath:features/submitApplication.feature:10)
]]>
            </full-stacktrace>
          </exception> <!-- org.testng.SkipException -->
          <reporter-output>
          </reporter-output>
        </test-method> <!-- runScenario -->
        <test-method status="PASS" signature="tearDownClass()[pri:0, instance:RunCucumberTest@60addb54]" name="tearDownClass" is-config="true" duration-ms="62" started-at="2020-06-07T00:00:05Z" finished-at="2020-06-07T00:00:05Z">
          <reporter-output>
          </reporter-output>
        </test-method> <!-- tearDownClass -->
      </class> <!-- RunCucumberTest -->
    </test> <!-- Surefire test -->
  </suite> <!-- Surefire suite -->
</testng-results>
